<?xml version="1.0" encoding="UTF-8"?>
<!-- Generated by org.testng.reporters.JUnitXMLReporter -->
<testsuite hostname="ALPHA" ignored="0" name="Create Account Test" tests="1" failures="1" timestamp="11 Aug 2018 21:52:16 GMT" time="4.871" errors="0">
  <testcase name="createAccountTest" time="4.521" classname="comw2a.testcases.CreateAccountTest">
    <failure type="java.lang.AssertionError" message="Login test failed">
      <![CDATA[java.lang.AssertionError: Login test failed
at comw2a.testcases.CreateAccountTest.createAccountTest(CreateAccountTest.java:23)
... Removed 30 stack frames]]>
    </failure>
  </testcase> <!-- createAccountTest -->
</testsuite> <!-- Create Account Test -->
